{
  "RSpec": {
    "coverage": {
      "/Users/ahtishamhafeez/RubymineProjects/planzo/app/models/project.rb": {
        "lines": [
          1,
          1,
          null,
          1,
          1,
          1,
          null,
          1,
          24,
          null,
          3,
          null,
          1,
          4,
          null,
          null,
          1,
          22,
          null,
          null,
          1,
          1,
          null,
          null,
          1,
          1,
          null,
          null
        ]
      },
      "/Users/ahtishamhafeez/RubymineProjects/planzo/spec/models/project_user_spec.rb": {
        "lines": [
          1,
          null,
          1,
          3,
          3,
          2,
          1,
          1,
          null,
          null,
          1,
          1,
          1,
          null,
          1,
          1,
          null,
          null
        ]
      },
      "/Users/ahtishamhafeez/RubymineProjects/planzo/app/models/project_user.rb": {
        "lines": [
          1,
          1,
          1,
          1,
          1,
          null,
          1,
          null,
          null,
          1,
          0,
          null,
          null,
          null,
          1,
          0,
          null,
          null,
          1,
          0,
          null,
          null,
          1,
          0,
          null,
          null
        ]
      },
      "/Users/ahtishamhafeez/RubymineProjects/planzo/spec/models/task_spec.rb": {
        "lines": [
          1,
          null,
          1,
          8,
          7,
          null,
          7,
          null,
          1,
          1,
          1,
          null,
          null,
          1,
          null,
          null,
          1,
          1,
          1,
          1,
          null,
          null,
          1,
          1,
          1,
          1,
          null,
          null,
          null,
          1,
          1,
          1,
          1,
          1,
          null,
          null,
          1,
          1,
          1,
          1,
          null,
          null,
          null,
          1,
          1,
          1,
          null,
          null,
          2,
          null,
          1,
          1,
          1,
          1,
          null,
          null,
          1,
          1,
          1,
          null,
          null,
          null
        ]
      },
      "/Users/ahtishamhafeez/RubymineProjects/planzo/spec/models/user_spec.rb": {
        "lines": [
          1,
          null,
          1,
          10,
          null,
          1,
          2,
          2,
          2,
          null,
          null,
          1,
          2,
          2,
          2,
          2,
          2,
          null,
          null,
          1,
          1,
          1,
          null,
          null,
          null,
          1,
          2,
          1,
          1,
          null,
          null,
          null,
          1,
          1,
          1,
          null,
          null,
          1,
          1,
          null,
          null,
          null
        ]
      },
      "/Users/ahtishamhafeez/RubymineProjects/planzo/spec/requests/api/v1/auth/auth_spec.rb": {
        "lines": [
          1,
          null,
          1,
          4,
          null,
          1,
          1,
          1,
          1,
          null,
          1,
          1,
          1,
          1,
          null,
          null,
          null,
          1,
          1,
          1,
          null,
          1,
          1,
          1,
          null,
          null,
          1,
          1,
          null,
          1,
          1,
          1,
          null,
          null,
          null,
          1,
          1,
          1,
          null,
          1,
          1,
          1,
          null,
          null,
          1,
          1,
          null,
          1,
          1,
          1,
          null,
          null,
          null,
          null
        ]
      },
      "/Users/ahtishamhafeez/RubymineProjects/planzo/spec/requests/api/v1/projects/project_spec.rb": {
        "lines": [
          1,
          null,
          1,
          3,
          1,
          null,
          5,
          null,
          null,
          null,
          null,
          null,
          null,
          1,
          1,
          1,
          1,
          1,
          1,
          1,
          1,
          null,
          null,
          null,
          1,
          1,
          1,
          1,
          null,
          1,
          1,
          1,
          null,
          null,
          1,
          1,
          1,
          null,
          1,
          1,
          1,
          null,
          null,
          null,
          null,
          1,
          3,
          null,
          1,
          1,
          1,
          null,
          1,
          1,
          1,
          null,
          null,
          null,
          1,
          1,
          1,
          1,
          1,
          1,
          null,
          null,
          null,
          1,
          1,
          1,
          null,
          1,
          1,
          1,
          null,
          null,
          null,
          null
        ]
      },
      "/Users/ahtishamhafeez/RubymineProjects/planzo/app/services/projects/assign_user.rb": {
        "lines": [
          1,
          1,
          1,
          3,
          3,
          3,
          null,
          null,
          1,
          null,
          3,
          3,
          1,
          null,
          0,
          0,
          null,
          null,
          null,
          null
        ]
      }
    },
    "timestamp": 1739439717
  }
}
